<?xml version="1.0" encoding="UTF-8"?>
<testsuite name="tests.DeliveryTest" tests="1" skipped="0" failures="0" errors="0" timestamp="2023-02-05T09:46:49" hostname="FREDYSHARLAPTOP" time="8.437">
  <properties/>
  <testcase name="Should successful plan and replan meeting" classname="tests.DeliveryTest" time="8.437"/>
  <system-out><![CDATA[]]></system-out>
  <system-err><![CDATA[SLF4J: No SLF4J providers were found.
SLF4J: Defaulting to no-operation (NOP) logger implementation
SLF4J: See https://www.slf4j.org/codes.html#noProviders for further details.
Starting ChromeDriver 109.0.5414.74 (e7c5703604daa9cc128ccf5a5d3e993513758913-refs/branch-heads/5414@{#1172}) on port 2241
Only local connections are allowed.
Please see https://chromedriver.chromium.org/security-considerations for suggestions on keeping ChromeDriver safe.
ChromeDriver was started successfully.
февр. 05, 2023 12:46:54 PM org.openqa.selenium.devtools.CdpVersionFinder findNearestMatch
WARNING: Unable to find an exact match for CDP version 109, so returning the closest version found: 108
]]></system-err>
</testsuite>
